#
# A fatal error has been detected by the Java Runtime Environment:
#
#  EXCEPTION_ACCESS_VIOLATION (0xc0000005) at pc=0x000002be4885ae50, pid=10460, tid=23740
#
# JRE version: OpenJDK Runtime Environment Temurin-21.0.4+7 (21.0.4+7) (build 21.0.4+7-LTS)
# Java VM: OpenJDK 64-Bit Server VM Temurin-21.0.4+7 (21.0.4+7-LTS, mixed mode, emulated-client, tiered, compressed oops, compressed class ptrs, g1 gc, windows-amd64)
# Problematic frame:
# v  ~BufferBlob::MethodHandles adapters 0x000002be4885ae50
#
# No core dump will be written. Minidumps are not enabled by default on client versions of Windows
#
# If you would like to submit a bug report, please visit:
#   https://github.com/adoptium/adoptium-support/issues
#

---------------  S U M M A R Y ------------

Command Line: -XX:+ShowCodeDetailsInExceptionMessages -agentlib:jdwp=transport=dt_socket,suspend=y,address=localhost:56147 -Dcom.sun.management.jmxremote -Dcom.sun.management.jmxremote.port=56143 -Dcom.sun.management.jmxremote.authenticate=false -Dcom.sun.management.jmxremote.ssl=false -Djava.rmi.server.hostname=localhost -Dspring.jmx.enabled=true -Dmanagement.endpoints.jmx.exposure.include=* -Dspring.application.admin.enabled=true -Dspring.output.ansi.enabled=always -XX:TieredStopAtLevel=1 -Dspring.boot.project.name=TFG-GamerLink_TFG-GamerLink -javaagent:C:\Users\6003203\Documents\sts-4.25.0.RELEASE\configuration\org.eclipse.osgi\270\0\.cp\lib\javaagent-shaded.jar -Dfile.encoding=UTF-8 -Dstdout.encoding=UTF-8 -Dstderr.encoding=UTF-8 com.app.web.TfgGamerLinkApplication

Host: 11th Gen Intel(R) Core(TM) i7-1185G7 @ 3.00GHz, 8 cores, 31G,  Windows 11 , 64 bit Build 22621 (10.0.22621.5124)
Time: Thu Apr 24 17:05:49 2025 Hora de verano centroeuropea elapsed time: 1826.764802 seconds (0d 0h 30m 26s)

---------------  T H R E A D  ---------------

Current thread (0x000002be5d4b6bb0):  JavaThread "restartedMain"        [_thread_in_Java, id=23740, stack(0x000000e28d100000,0x000000e28d200000) (1024K)]

Stack: [0x000000e28d100000,0x000000e28d200000],  sp=0x000000e28d1fd738,  free space=1013k
Native frames: (J=compiled Java code, j=interpreted, Vv=VM code, C=native code)
C  0x000002be4885ae50

The last pc belongs to _linkToSpecial (printed below).

siginfo: EXCEPTION_ACCESS_VIOLATION (0xc0000005), reading address 0xffffffffffffffff


Registers:
RAX=0x000002be48829086, RBX=0xc10a3fc600000000, RCX=0x000000e28d1fd740, RDX=0x0000000000000002
RSP=0x000000e28d1fd738, RBP=0x000000e28d1fd788, RSI=0x000002be656d04e8, RDI=0x000002be5d9cc850
R8 =0x0000000000000004, R9 =0x0000000000000004, R10=0x00007ffd08917040, R11=0x000002be593ecc80
R12=0x0000000000000000, R13=0x000000e28d1fd738, R14=0x000000e28d1fd7a8, R15=0x000002be5d4b6bb0
RIP=0x000002be4885ae50, EFLAGS=0x0000000000010202


Register to memory mapping:

RAX=0x000002be48829086 is at code_begin+3078 in an Interpreter codelet
return entry points  [0x000002be48828480, 0x000002be4882a298]  7704 bytes
RBX=0xc10a3fc600000000 is an unknown value
RCX=0x000000e28d1fd740 is pointing into the stack for thread: 0x000002be5d4b6bb0
RDX=0x0000000000000002 is an unknown value
RSP=0x000000e28d1fd738 is pointing into the stack for thread: 0x000002be5d4b6bb0
RBP=0x000000e28d1fd788 is pointing into the stack for thread: 0x000002be5d4b6bb0
RSI=0x000002be656d04e8 points into unknown readable memory: 0x88000ba8d9aac1c6 | c6 c1 aa d9 a8 0b 00 88
RDI=0x000002be5d9cc850 points into unknown readable memory: 0x0000001800000070 | 70 00 00 00 18 00 00 00
R8 =0x0000000000000004 is an unknown value
R9 =0x0000000000000004 is an unknown value
R10=0x00007ffd08917040 jvm.dll
R11={method} {0x000002be593ecc88} 'newInvokeSpecial' '(Ljava/lang/Object;)Ljava/lang/Object;' in 'java/lang/invoke/DirectMethodHandle$Holder'
R12=0x0 is null
R13=0x000000e28d1fd738 is pointing into the stack for thread: 0x000002be5d4b6bb0
R14=0x000000e28d1fd7a8 is pointing into the stack for thread: 0x000002be5d4b6bb0
R15=0x000002be5d4b6bb0 is a thread

Top of Stack: (sp=0x000000e28d1fd738)
0x000000e28d1fd738:   000002be48829086 000000e28d1fd740
0x000000e28d1fd748:   000002be593ecc6f 0000000000000004
0x000000e28d1fd758:   000002be593f0a48 0000000607023898
0x000000e28d1fd768:   0000000604b304d0 000002be593ecc80
0x000000e28d1fd778:   000000e28d1fd738 000000e28d1fd7b0
0x000000e28d1fd788:   000000e28d1feac8 000002be48b5504b
0x000000e28d1fd798:   000000060851fd38 000000060851fde0
0x000000e28d1fd7a8:   000000060851fd98 000000060851faf8
0x000000e28d1fd7b8:   000002be586e6040 000000e28d1feac8
0x000000e28d1fd7c8:   000002be491d0c8c 000002be5dcb59c8
0x000000e28d1fd7d8:   00007ffd9f0e45f2 00007ffd9f0f2bb0
0x000000e28d1fd7e8:   000002be586e6040 000002be58468920
0x000000e28d1fd7f8:   000000e28d1fb010 000002be6569da20
0x000000e28d1fd808:   000000e28d1fb010 000002be5d4b6b00
0x000000e28d1fd818:   00007ffd07e036af 00007ffd9f0f03a0
0x000000e28d1fd828:   0000000604b300c0 0000000607023898
0x000000e28d1fd838:   000000060851f9c0 000000060851f9c0
0x000000e28d1fd848:   000000060851faf8 000000060851fdc8
0x000000e28d1fd858:   000000060851fb50 0000000607023898
0x000000e28d1fd868:   0000000000000001 000000e28d1feac8
0x000000e28d1fd878:   000002be00000000 0000000000000000
0x000000e28d1fd888:   0000000000000000 000000060851fd98
0x000000e28d1fd898:   000002be48b58d5c 0000000000000000
0x000000e28d1fd8a8:   0000000000000000 0000000000000000
0x000000e28d1fd8b8:   0000000000000000 000002be5d4b6bb0
0x000000e28d1fd8c8:   0000000000000000 000000060851faf8
0x000000e28d1fd8d8:   0000000000000000 000000060851f9c0
0x000000e28d1fd8e8:   000000060851fdc8 000000060851faf8
0x000000e28d1fd8f8:   0000000000000000 0000000000000000
0x000000e28d1fd908:   000002be48b5456c 000000e28d1feac8
0x000000e28d1fd918:   000002be48b5304a 0000000000000000
0x000000e28d1fd928:   000002be48aa6a29 0000000000000000 

Instructions: (pc=0x000002be4885ae50)
0x000002be4885ad50:   bf e0 05 00 00 00 74 03 ff 63 38 ff 63 50 e9 9d
0x000002be4885ad60:   16 00 00 66 66 66 0f 1f 84 00 00 00 00 00 66 66
0x000002be4885ad70:   66 90 66 66 0f 1f 84 00 00 00 00 00 66 66 66 90
0x000002be4885ad80:   48 8b 53 08 0f b7 52 2e 48 8b 0c d4 58 5b 50 44
0x000002be4885ad90:   8b 51 08 49 bb 00 00 00 00 08 00 00 00 4d 03 d3
0x000002be4885ada0:   4c 8b 5b 10 4b 8b 9c da c8 01 00 00 48 85 db 0f
0x000002be4885adb0:   84 10 00 00 00 41 80 bf e0 05 00 00 00 74 03 ff
0x000002be4885adc0:   63 38 ff 63 50 e9 36 16 00 00 66 66 66 0f 1f 84
0x000002be4885add0:   00 00 00 00 00 66 66 66 90 0f 1f 80 00 00 00 00
0x000002be4885ade0:   58 5b 50 8b 5b 24 48 c1 e3 03 48 8b 5b 10 48 85
0x000002be4885adf0:   db 0f 84 10 00 00 00 41 80 bf e0 05 00 00 00 74
0x000002be4885ae00:   03 ff 63 38 ff 63 50 e9 f4 15 00 00 66 66 66 0f
0x000002be4885ae10:   1f 84 00 00 00 00 00 66 66 66 90 0f 1f 44 00 00
0x000002be4885ae20:   48 8b 53 08 0f b7 52 2e 48 8b 0c d4 58 5b 50 48
0x000002be4885ae30:   3b 01 8b 5b 24 48 c1 e3 03 48 8b 5b 10 48 85 db
0x000002be4885ae40:   0f 84 10 00 00 00 41 80 bf e0 05 00 00 00 74 03
0x000002be4885ae50:   ff 63 38 ff 63 50 e9 a5 15 00 00 0f 1f 44 00 00
0x000002be4885ae60:   48 8b 53 08 0f b7 52 2e 48 8b 0c d4 58 5b 50 44
0x000002be4885ae70:   8b 51 08 49 bb 00 00 00 00 08 00 00 00 4d 03 d3
0x000002be4885ae80:   8b 43 18 48 c1 e0 03 48 8b 40 10 48 8b 5b 10 45
0x000002be4885ae90:   8b 9a a0 00 00 00 4f 8d 9c da c8 01 00 00 4d 8d
0x000002be4885aea0:   14 da 49 8b 1b 48 3b c3 74 15 48 85 db 0f 84 32
0x000002be4885aeb0:   00 00 00 49 83 c3 10 49 8b 1b 48 3b c3 75 eb 45
0x000002be4885aec0:   8b 5b 08 4b 8b 1c 1a 48 85 db 0f 84 10 00 00 00
0x000002be4885aed0:   41 80 bf e0 05 00 00 00 74 03 ff 63 38 ff 63 50
0x000002be4885aee0:   e9 1b 15 00 00 e9 16 12 00 00 f4 00 00 00 00 00
0x000002be4885aef0:   00 00 00 00 00 00 00 00 00 00 00 00 00 00 00 00
0x000002be4885af00:   00 00 00 00 00 00 00 00 00 00 00 00 00 00 00 00
0x000002be4885af10:   00 00 00 00 00 00 00 00 00 00 00 00 00 00 00 00
0x000002be4885af20:   00 00 00 00 00 00 00 00 00 00 00 00 00 00 00 00
0x000002be4885af30:   00 00 00 00 00 00 00 00 00 00 00 00 00 00 00 00
0x000002be4885af40:   00 00 00 00 00 00 00 00 00 00 00 00 00 00 00 00 


Stack slot to memory mapping:

stack at sp + 0 slots: 0x000002be48829086 is at code_begin+3078 in an Interpreter codelet
return entry points  [0x000002be48828480, 0x000002be4882a298]  7704 bytes
stack at sp + 1 slots: 0x000000e28d1fd740 is pointing into the stack for thread: 0x000002be5d4b6bb0
stack at sp + 2 slots: 0x000002be593ecc6f is pointing into metadata
stack at sp + 3 slots: 0x0000000000000004 is an unknown value
stack at sp + 4 slots: 0x000002be593f0a48 is pointing into metadata
stack at sp + 5 slots: 0x0000000607023898 is an oop: java.lang.Class 
{0x0000000607023898} - klass: 'java/lang/Class'
 - ---- fields (total size 14 words):
 - private volatile transient 'classRedefinedCount' 'I' @12  1 (0x00000001)
 - injected 'klass' 'J' @16  34372378624 (0x0000000800c0e000)
 - injected 'array_klass' 'J' @24  0 (0x0000000000000000)
 - injected 'oop_size' 'I' @32  14 (0x0000000e)
 - injected 'static_oop_field_count' 'I' @36  0 (0x00000000)
 - private volatile transient 'cachedConstructor' 'Ljava/lang/reflect/Constructor;' @40  null (0x00000000)
 - private transient 'name' 'Ljava/lang/String;' @44  "com.app.web.controlador.PerfilControlador"{0x000000060710b7a8} (0xc0e216f5)
 - private transient 'module' 'Ljava/lang/Module;' @48  a 'java/lang/Module'{0x00000006070237f0} (0xc0e046fe)
 - private final 'classLoader' 'Ljava/lang/ClassLoader;' @52  a 'org/springframework/boot/devtools/restart/classloader/RestartClassLoader'{0x0000000607011bd0} (0xc0e0237a)
 - private transient 'classData' 'Ljava/lang/Object;' @56  null (0x00000000)
 - private transient 'packageName' 'Ljava/lang/String;' @60  "com.app.web.controlador"{0x0000000604d5bf68} (0xc09ab7ed)
 - private final 'componentType' 'Ljava/lang/Class;' @64  null (0x00000000)
 - private volatile transient 'reflectionData' 'Ljava/lang/ref/SoftReference;' @68  a 'java/lang/ref/SoftReference'{0x000000060711c290} (0xc0e23852)
 - private volatile transient 'genericInfo' 'Lsun/reflect/generics/repository/ClassRepository;' @72  null (0x00000000)
 - private volatile transient 'enumConstants' '[Ljava/lang/Object;' @76  null (0x00000000)
 - private volatile transient 'enumConstantDirectory' 'Ljava/util/Map;' @80  null (0x00000000)
 - private volatile transient 'annotationData' 'Ljava/lang/Class$AnnotationData;' @84  a 'java/lang/Class$AnnotationData'{0x000000060711c1a8} (0xc0e23835)
 - private volatile transient 'annotationType' 'Lsun/reflect/annotation/AnnotationType;' @88  null (0x00000000)
 - transient 'classValueMap' 'Ljava/lang/ClassValue$ClassValueMap;' @92  null (0x00000000)
 - injected 'protection_domain' 'Ljava/lang/Object;' @96  a 'java/security/ProtectionDomain'{0x0000000607026288} (0xc0e04c51)
 - injected 'signers_name' 'Ljava/lang/Object;' @100  null (0x00000000)
 - injected 'source_file' 'Ljava/lang/Object;' @104  null (0x00000000)
 - signature: Lcom/app/web/controlador/PerfilControlador;
 - ---- static fields (0):
stack at sp + 6 slots: 0x0000000604b304d0 is an oop: java.lang.Class 
{0x0000000604b304d0} - klass: 'java/lang/Class'
 - ---- fields (total size 14 words):
 - private volatile transient 'classRedefinedCount' 'I' @12  0 (0x00000000)
 - injected 'klass' 'J' @16  34359948240 (0x00000008000333d0)
 - injected 'array_klass' 'J' @24  0 (0x0000000000000000)
 - injected 'oop_size' 'I' @32  14 (0x0000000e)
 - injected 'static_oop_field_count' 'I' @36  0 (0x00000000)
 - private volatile transient 'cachedConstructor' 'Ljava/lang/reflect/Constructor;' @40  null (0x00000000)
 - private transient 'name' 'Ljava/lang/String;' @44  null (0x00000000)
 - private transient 'module' 'Ljava/lang/Module;' @48  a 'java/lang/Module'{0x0000000604b25bf8} (0xc0964b7f)
 - private final 'classLoader' 'Ljava/lang/ClassLoader;' @52  null (0x00000000)
 - private transient 'classData' 'Ljava/lang/Object;' @56  null (0x00000000)
 - private transient 'packageName' 'Ljava/lang/String;' @60  null (0x00000000)
 - private final 'componentType' 'Ljava/lang/Class;' @64  null (0x00000000)
 - private volatile transient 'reflectionData' 'Ljava/lang/ref/SoftReference;' @68  null (0x00000000)
 - private volatile transient 'genericInfo' 'Lsun/reflect/generics/repository/ClassRepository;' @72  null (0x00000000)
 - private volatile transient 'enumConstants' '[Ljava/lang/Object;' @76  null (0x00000000)
 - private volatile transient 'enumConstantDirectory' 'Ljava/util/Map;' @80  null (0x00000000)
 - private volatile transient 'annotationData' 'Ljava/lang/Class$AnnotationData;' @84  null (0x00000000)
 - private volatile transient 'annotationType' 'Lsun/reflect/annotation/AnnotationType;' @88  null (0x00000000)
 - transient 'classValueMap' 'Ljava/lang/ClassValue$ClassValueMap;' @92  null (0x00000000)
 - injected 'protection_domain' 'Ljava/lang/Object;' @96  null (0x00000000)
 - injected 'signers_name' 'Ljava/lang/Object;' @100  null (0x00000000)
 - injected 'source_file' 'Ljava/lang/Object;' @104  null (0x00000000)
 - signature: Ljava/lang/invoke/DirectMethodHandle$Holder;
 - ---- static fields (0):
stack at sp + 7 slots: {method} {0x000002be593ecc88} 'newInvokeSpecial' '(Ljava/lang/Object;)Ljava/lang/Object;' in 'java/lang/invoke/DirectMethodHandle$Holder'

MethodHandle::interpreter_entry::_linkToSpecial [0x000002be4885ae0c, 0x000002be4885ae5b] (79 bytes)
[MachCode]
  0x000002be4885ae0c: 6666 660f | 1f84 0000 | 0000 0066 | 6666 900f | 1f44 0000 | 488b 5308 | 0fb7 522e | 488b 0cd4 
  0x000002be4885ae2c: 585b 5048 | 3b01 8b5b | 2448 c1e3 | 0348 8b5b | 1048 85db | 0f84 1000 | 0000 4180 | bfe0 0500 
  0x000002be4885ae4c: 0000 7403 | ff63 38ff | 6350 e9a5 | 
[/MachCode]

---------------  P R O C E S S  ---------------

Threads class SMR info:
_java_thread_list=0x000002be65392550, length=26, elements={
0x000002be5843cd40, 0x000002be5843d9a0, 0x000002be58469f60, 0x000002be5846e9e0,
0x000002be5846f440, 0x000002be58494500, 0x000002be5849cf70, 0x000002be585db800,
0x000002be586dc010, 0x000002be58703690, 0x000002be58706120, 0x000002be5d53e860,
0x000002be5d7b2bb0, 0x000002be5d7d9680, 0x000002be5d84b2d0, 0x000002be5dca8bb0,
0x000002be5dd23100, 0x000002be5de3d010, 0x000002be604683d0, 0x000002be5d4b6520,
0x000002be5d4b4450, 0x000002be5d4b6bb0, 0x000002be5d4b2380, 0x000002be5d4b1cf0,
0x000002be5d4b2a10, 0x000002be5d4b4ae0
}

Java Threads: ( => current thread )
  0x000002be5843cd40 JavaThread "Reference Handler"          daemon [_thread_blocked, id=28292, stack(0x000000e28c400000,0x000000e28c500000) (1024K)]
  0x000002be5843d9a0 JavaThread "Finalizer"                  daemon [_thread_blocked, id=18044, stack(0x000000e28c500000,0x000000e28c600000) (1024K)]
  0x000002be58469f60 JavaThread "Signal Dispatcher"          daemon [_thread_blocked, id=3108, stack(0x000000e28c600000,0x000000e28c700000) (1024K)]
  0x000002be5846e9e0 JavaThread "Attach Listener"            daemon [_thread_blocked, id=27400, stack(0x000000e28c700000,0x000000e28c800000) (1024K)]
  0x000002be5846f440 JavaThread "Service Thread"             daemon [_thread_blocked, id=22944, stack(0x000000e28c800000,0x000000e28c900000) (1024K)]
  0x000002be58494500 JavaThread "Monitor Deflation Thread"   daemon [_thread_blocked, id=27164, stack(0x000000e28c900000,0x000000e28ca00000) (1024K)]
  0x000002be5849cf70 JavaThread "C1 CompilerThread0"         daemon [_thread_blocked, id=13848, stack(0x000000e28ca00000,0x000000e28cb00000) (1024K)]
  0x000002be585db800 JavaThread "Common-Cleaner"             daemon [_thread_blocked, id=12888, stack(0x000000e28cb00000,0x000000e28cc00000) (1024K)]
  0x000002be586dc010 JavaThread "JDWP Transport Listener: dt_socket" daemon [_thread_blocked, id=17392, stack(0x000000e28cd00000,0x000000e28ce00000) (1024K)]
  0x000002be58703690 JavaThread "JDWP Event Helper Thread"   daemon [_thread_blocked, id=25812, stack(0x000000e28ce00000,0x000000e28cf00000) (1024K)]
  0x000002be58706120 JavaThread "JDWP Command Reader"        daemon [_thread_in_native, id=13212, stack(0x000000e28cf00000,0x000000e28d000000) (1024K)]
  0x000002be5d53e860 JavaThread "Notification Thread"        daemon [_thread_blocked, id=20984, stack(0x000000e28d000000,0x000000e28d100000) (1024K)]
  0x000002be5d7b2bb0 JavaThread "RMI TCP Accept-0"           daemon [_thread_in_native, id=12592, stack(0x000000e28d300000,0x000000e28d400000) (1024K)]
  0x000002be5d7d9680 JavaThread "RMI TCP Accept-56143"       daemon [_thread_in_native, id=22424, stack(0x000000e28db00000,0x000000e28dc00000) (1024K)]
  0x000002be5d84b2d0 JavaThread "RMI TCP Accept-0"           daemon [_thread_in_native, id=17724, stack(0x000000e28dc00000,0x000000e28dd00000) (1024K)]
  0x000002be5dca8bb0 JavaThread "RMI Scheduler(0)"           daemon [_thread_blocked, id=2184, stack(0x000000e28de00000,0x000000e28df00000) (1024K)]
  0x000002be5dd23100 JavaThread "JMX server connection timeout 38" daemon [_thread_blocked, id=17740, stack(0x000000e28e000000,0x000000e28e100000) (1024K)]
  0x000002be5de3d010 JavaThread "mysql-cj-abandoned-connection-cleanup" daemon [_thread_blocked, id=19728, stack(0x000000e28e700000,0x000000e28e800000) (1024K)]
  0x000002be604683d0 JavaThread "DestroyJavaVM"                     [_thread_blocked, id=27388, stack(0x000000e2aaa00000,0x000000e2aab00000) (1024K)]
  0x000002be5d4b6520 JavaThread "RMI TCP Connection(idle)"   daemon [_thread_blocked, id=26784, stack(0x000000e28ba00000,0x000000e28bb00000) (1024K)]
  0x000002be5d4b4450 JavaThread "Thread-29"                         [_thread_blocked, id=26376, stack(0x000000e28bb00000,0x000000e28bc00000) (1024K)]
=>0x000002be5d4b6bb0 JavaThread "restartedMain"                     [_thread_in_Java, id=23740, stack(0x000000e28d100000,0x000000e28d200000) (1024K)]
  0x000002be5d4b2380 JavaThread "Catalina-utility-1"                [_thread_blocked, id=9956, stack(0x000000e28bc00000,0x000000e28bd00000) (1024K)]
  0x000002be5d4b1cf0 JavaThread "Catalina-utility-2"                [_thread_blocked, id=15972, stack(0x000000e28d200000,0x000000e28d300000) (1024K)]
  0x000002be5d4b2a10 JavaThread "container-0"                       [_thread_blocked, id=14532, stack(0x000000e28dd00000,0x000000e28de00000) (1024K)]
  0x000002be5d4b4ae0 JavaThread "HikariPool-9 housekeeper"   daemon [_thread_blocked, id=11668, stack(0x000000e28df00000,0x000000e28e000000) (1024K)]
Total: 26

Other Threads:
  0x000002be446f6b50 VMThread "VM Thread"                           [id=6684, stack(0x000000e28c300000,0x000000e28c400000) (1024K)]
  0x000002be446d4140 WatcherThread "VM Periodic Task Thread"        [id=5168, stack(0x000000e28c200000,0x000000e28c300000) (1024K)]
  0x000002be445abc70 WorkerThread "GC Thread#0"                     [id=17684, stack(0x000000e28bd00000,0x000000e28be00000) (1024K)]
  0x000002be5d7ba2d0 WorkerThread "GC Thread#1"                     [id=15680, stack(0x000000e28d400000,0x000000e28d500000) (1024K)]
  0x000002be5d7ba670 WorkerThread "GC Thread#2"                     [id=25992, stack(0x000000e28d500000,0x000000e28d600000) (1024K)]
  0x000002be5d7baa10 WorkerThread "GC Thread#3"                     [id=22952, stack(0x000000e28d600000,0x000000e28d700000) (1024K)]
  0x000002be5d7badb0 WorkerThread "GC Thread#4"                     [id=9656, stack(0x000000e28d700000,0x000000e28d800000) (1024K)]
  0x000002be5d7bf160 WorkerThread "GC Thread#5"                     [id=12616, stack(0x000000e28d800000,0x000000e28d900000) (1024K)]
  0x000002be5d7c1510 WorkerThread "GC Thread#6"                     [id=28472, stack(0x000000e28d900000,0x000000e28da00000) (1024K)]
  0x000002be5d7c98c0 WorkerThread "GC Thread#7"                     [id=21992, stack(0x000000e28da00000,0x000000e28db00000) (1024K)]
  0x000002be445b1860 ConcurrentGCThread "G1 Main Marker"            [id=22728, stack(0x000000e28be00000,0x000000e28bf00000) (1024K)]
  0x000002be44dd5d10 WorkerThread "G1 Conc#0"                       [id=26720, stack(0x000000e28bf00000,0x000000e28c000000) (1024K)]
  0x000002be5de4d3c0 WorkerThread "G1 Conc#1"                       [id=3044, stack(0x000000e28e300000,0x000000e28e400000) (1024K)]
  0x000002be446259c0 ConcurrentGCThread "G1 Refine#0"               [id=8956, stack(0x000000e28c000000,0x000000e28c100000) (1024K)]
  0x000002be446271f0 ConcurrentGCThread "G1 Service"                [id=28452, stack(0x000000e28c100000,0x000000e28c200000) (1024K)]
Total: 15

Threads with active compile tasks:
Total: 0

VM state: not at safepoint (normal execution)

VM Mutex/Monitor currently owned by a thread: None

Heap address: 0x0000000604800000, size: 8120 MB, Compressed Oops mode: Zero based, Oop shift amount: 3

CDS archive(s) not mapped
Compressed class space mapped at: 0x0000000800000000-0x0000000840000000, reserved size: 1073741824
Narrow klass base: 0x0000000800000000, Narrow klass shift: 0, Narrow klass range: 0x40000000

GC Precious Log:
 CardTable entry size: 512
 Card Set container configuration: InlinePtr #cards 4 size 8 Array Of Cards #cards 32 size 80 Howl #buckets 8 coarsen threshold 7372 Howl Bitmap #cards 1024 size 144 coarsen threshold 921 Card regions per heap region 1 cards per card region 8192
 CPUs: 8 total, 8 available
 Memory: 32471M
 Large Page Support: Disabled
 NUMA Support: Disabled
 Compressed Oops: Enabled (Zero based)
 Heap Region Size: 4M
 Heap Min Capacity: 8M
 Heap Initial Capacity: 508M
 Heap Max Capacity: 8120M
 Pre-touch: Disabled
 Parallel Workers: 8
 Concurrent Workers: 2
 Concurrent Refinement Workers: 8
 Periodic GC: Disabled

Heap:
 garbage-first heap   total 81920K, used 52686K [0x0000000604800000, 0x0000000800000000)
  region size 4096K, 7 young (28672K), 1 survivors (4096K)
 Metaspace       used 91092K, committed 91840K, reserved 1179648K
  class space    used 12010K, committed 12352K, reserved 1048576K

Heap Regions: E=young(eden), S=young(survivor), O=old, HS=humongous(starts), HC=humongous(continues), CS=collection set, F=free, TAMS=top-at-mark-start, PB=parsable bottom
|   0|0x0000000604800000, 0x0000000604bfffd8, 0x0000000604c00000| 99%| O|  |TAMS 0x0000000604800000| PB 0x0000000604800000| Untracked 
|   1|0x0000000604c00000, 0x0000000604ffffc0, 0x0000000605000000| 99%| O|  |TAMS 0x0000000604c00000| PB 0x0000000604c00000| Untracked 
|   2|0x0000000605000000, 0x00000006053fffc8, 0x0000000605400000| 99%| O|  |TAMS 0x0000000605000000| PB 0x0000000605000000| Untracked 
|   3|0x0000000605400000, 0x00000006057fffd8, 0x0000000605800000| 99%| O|  |TAMS 0x0000000605400000| PB 0x0000000605400000| Untracked 
|   4|0x0000000605800000, 0x0000000605bb20b8, 0x0000000605c00000| 92%| O|  |TAMS 0x0000000605800000| PB 0x0000000605800000| Untracked 
|   5|0x0000000605c00000, 0x0000000605ffffb8, 0x0000000606000000| 99%| O|  |TAMS 0x0000000605c00000| PB 0x0000000605c00000| Untracked 
|   6|0x0000000606000000, 0x00000006063ffff0, 0x0000000606400000| 99%| O|  |TAMS 0x0000000606000000| PB 0x0000000606000000| Untracked 
|   7|0x0000000606400000, 0x0000000606400000, 0x0000000606800000|  0%| F|  |TAMS 0x0000000606400000| PB 0x0000000606400000| Untracked 
|   8|0x0000000606800000, 0x000000060686fa80, 0x0000000606c00000| 10%| O|Cm|TAMS 0x0000000606800000| PB 0x0000000606800000| Complete 
|   9|0x0000000606c00000, 0x0000000606c00000, 0x0000000607000000|  0%| F|  |TAMS 0x0000000606c00000| PB 0x0000000606c00000| Untracked 
|  10|0x0000000607000000, 0x0000000607351f00, 0x0000000607400000| 83%| S|CS|TAMS 0x0000000607000000| PB 0x0000000607000000| Complete 
|  11|0x0000000607400000, 0x0000000607400000, 0x0000000607800000|  0%| F|  |TAMS 0x0000000607400000| PB 0x0000000607400000| Untracked 
|  12|0x0000000607800000, 0x0000000607800000, 0x0000000607c00000|  0%| F|  |TAMS 0x0000000607800000| PB 0x0000000607800000| Untracked 
|  13|0x0000000607c00000, 0x0000000607c00000, 0x0000000608000000|  0%| F|  |TAMS 0x0000000607c00000| PB 0x0000000607c00000| Untracked 
|  14|0x0000000608000000, 0x000000060808acc8, 0x0000000608400000| 13%| E|  |TAMS 0x0000000608000000| PB 0x0000000608000000| Complete 
|  15|0x0000000608400000, 0x0000000608800000, 0x0000000608800000|100%| E|CS|TAMS 0x0000000608400000| PB 0x0000000608400000| Complete 
|  16|0x0000000608800000, 0x0000000608c00000, 0x0000000608c00000|100%| E|CS|TAMS 0x0000000608800000| PB 0x0000000608800000| Complete 
|  17|0x0000000608c00000, 0x0000000609000000, 0x0000000609000000|100%| E|CS|TAMS 0x0000000608c00000| PB 0x0000000608c00000| Complete 
|  18|0x0000000609000000, 0x0000000609400000, 0x0000000609400000|100%| E|CS|TAMS 0x0000000609000000| PB 0x0000000609000000| Complete 
|  19|0x0000000609400000, 0x0000000609800000, 0x0000000609800000|100%| E|CS|TAMS 0x0000000609400000| PB 0x0000000609400000| Complete 

Card table byte_map: [0x000002be4cb40000,0x000002be4db20000] _byte_map_base: 0x000002be49b1c000

Marking Bits: (CMBitMap*) 0x000002be445ac020
 Bits: [0x000002be4db20000, 0x000002be55a00000)

Polling page: 0x000002be444f0000

Metaspace:

Usage:
  Non-class:     77.23 MB used.
      Class:     11.73 MB used.
       Both:     88.96 MB used.

Virtual space:
  Non-class space:      128.00 MB reserved,      77.62 MB ( 61%) committed,  2 nodes.
      Class space:        1.00 GB reserved,      12.06 MB (  1%) committed,  1 nodes.
             Both:        1.12 GB reserved,      89.69 MB (  8%) committed. 

Chunk freelists:
   Non-Class:  2.26 MB
       Class:  3.91 MB
        Both:  6.18 MB

MaxMetaspaceSize: unlimited
CompressedClassSpaceSize: 1.00 GB
Initial GC threshold: 21.00 MB
Current GC threshold: 149.31 MB
CDS: off
 - commit_granule_bytes: 65536.
 - commit_granule_words: 8192.
 - virtual_space_node_default_size: 8388608.
 - enlarge_chunks_in_place: 1.
 - use_allocation_guard: 0.


Internal statistics:

num_allocs_failed_limit: 9.
num_arena_births: 2370.
num_arena_deaths: 1416.
num_vsnodes_births: 3.
num_vsnodes_deaths: 0.
num_space_committed: 1435.
num_space_uncommitted: 0.
num_chunks_returned_to_freelist: 1858.
num_chunks_taken_from_freelist: 6004.
num_chunk_merges: 423.
num_chunk_splits: 3379.
num_chunks_enlarged: 2356.
num_inconsistent_stats: 0.

CodeCache: size=49152Kb used=16458Kb max_used=18568Kb free=32693Kb
 bounds [0x000002be48820000, 0x000002be49a80000, 0x000002be4b820000]
 total_blobs=8659 nmethods=7898 adapters=682
 compilation: enabled
              stopped_count=0, restarted_count=0
 full_count=0

Compilation events (20 events):
Event: 1736.287 Thread 0x000002be5849cf70 11981       1       sun.security.ssl.SSLSessionContextImpl::put (52 bytes)
Event: 1736.287 Thread 0x000002be5849cf70 nmethod 11981 0x000002be49881e90 code [0x000002be498820c0, 0x000002be49882538]
Event: 1736.287 Thread 0x000002be5849cf70 11985       1       sun.security.ssl.SSLHandshake::getHandshakeProducer (172 bytes)
Event: 1736.287 Thread 0x000002be5849cf70 nmethod 11985 0x000002be497b3d10 code [0x000002be497b3ee0, 0x000002be497b4278]
Event: 1736.287 Thread 0x000002be5849cf70 11984       1       sun.security.ssl.SSLHandshake::produce (49 bytes)
Event: 1736.287 Thread 0x000002be5849cf70 nmethod 11984 0x000002be49813b10 code [0x000002be49813d20, 0x000002be498140d8]
Event: 1736.287 Thread 0x000002be5849cf70 11982       1       sun.security.ssl.SessionId::hashCode (8 bytes)
Event: 1736.287 Thread 0x000002be5849cf70 nmethod 11982 0x000002be493ac990 code [0x000002be493acb20, 0x000002be493acc10]
Event: 1736.287 Thread 0x000002be5849cf70 11983       1       sun.security.ssl.SSLSessionImpl::setContext (13 bytes)
Event: 1736.287 Thread 0x000002be5849cf70 nmethod 11983 0x000002be493daa90 code [0x000002be493dac20, 0x000002be493dad48]
Event: 1736.287 Thread 0x000002be5849cf70 11986       1       com.mysql.cj.protocol.a.NativePacketPayload::isOKPacket (19 bytes)
Event: 1736.287 Thread 0x000002be5849cf70 nmethod 11986 0x000002be49767490 code [0x000002be49767620, 0x000002be49767730]
Event: 1736.288 Thread 0x000002be5849cf70 11987       1       com.mysql.cj.conf.AbstractRuntimeProperty::addListener (93 bytes)
Event: 1736.288 Thread 0x000002be5849cf70 nmethod 11987 0x000002be497e1210 code [0x000002be497e1420, 0x000002be497e1960]
Event: 1736.378 Thread 0x000002be5849cf70 11988       1       sun.security.ssl.SSLCipher$SSLReadCipher::dispose (1 bytes)
Event: 1736.378 Thread 0x000002be5849cf70 nmethod 11988 0x000002be4940f510 code [0x000002be4940f6a0, 0x000002be4940f768]
Event: 1736.378 Thread 0x000002be5849cf70 11989       1       sun.security.ssl.SSLCipher$SSLWriteCipher::dispose (1 bytes)
Event: 1736.378 Thread 0x000002be5849cf70 nmethod 11989 0x000002be49423910 code [0x000002be49423aa0, 0x000002be49423b68]
Event: 1736.472 Thread 0x000002be5849cf70 11991       1       java.net.SocketImpl::getInetAddress (5 bytes)
Event: 1736.472 Thread 0x000002be5849cf70 nmethod 11991 0x000002be49430810 code [0x000002be494309a0, 0x000002be49430a70]

GC Heap History (20 events):
Event: 1271.317 GC heap before
{Heap before GC invocations=40 (full 5):
 garbage-first heap   total 81920K, used 61280K [0x0000000604800000, 0x0000000800000000)
  region size 4096K, 9 young (36864K), 0 survivors (0K)
 Metaspace       used 90160K, committed 90944K, reserved 1179648K
  class space    used 11933K, committed 12288K, reserved 1048576K
}
Event: 1271.319 GC heap after
{Heap after GC invocations=41 (full 5):
 garbage-first heap   total 81920K, used 31956K [0x0000000604800000, 0x0000000800000000)
  region size 4096K, 1 young (4096K), 1 survivors (4096K)
 Metaspace       used 90160K, committed 90944K, reserved 1179648K
  class space    used 11933K, committed 12288K, reserved 1048576K
}
Event: 1272.124 GC heap before
{Heap before GC invocations=42 (full 5):
 garbage-first heap   total 81920K, used 64724K [0x0000000604800000, 0x0000000800000000)
  region size 4096K, 9 young (36864K), 1 survivors (4096K)
 Metaspace       used 90277K, committed 91008K, reserved 1179648K
  class space    used 11929K, committed 12288K, reserved 1048576K
}
Event: 1272.127 GC heap after
{Heap after GC invocations=43 (full 5):
 garbage-first heap   total 81920K, used 35201K [0x0000000604800000, 0x0000000800000000)
  region size 4096K, 2 young (8192K), 2 survivors (8192K)
 Metaspace       used 90277K, committed 91008K, reserved 1179648K
  class space    used 11929K, committed 12288K, reserved 1048576K
}
Event: 1405.822 GC heap before
{Heap before GC invocations=43 (full 5):
 garbage-first heap   total 81920K, used 59777K [0x0000000604800000, 0x0000000800000000)
  region size 4096K, 9 young (36864K), 2 survivors (8192K)
 Metaspace       used 90415K, committed 91136K, reserved 1179648K
  class space    used 11955K, committed 12288K, reserved 1048576K
}
Event: 1405.876 GC heap after
{Heap after GC invocations=44 (full 6):
 garbage-first heap   total 81920K, used 30463K [0x0000000604800000, 0x0000000800000000)
  region size 4096K, 0 young (0K), 0 survivors (0K)
 Metaspace       used 90409K, committed 91136K, reserved 1179648K
  class space    used 11954K, committed 12288K, reserved 1048576K
}
Event: 1406.221 GC heap before
{Heap before GC invocations=44 (full 6):
 garbage-first heap   total 81920K, used 63231K [0x0000000604800000, 0x0000000800000000)
  region size 4096K, 9 young (36864K), 0 survivors (0K)
 Metaspace       used 90459K, committed 91200K, reserved 1179648K
  class space    used 11961K, committed 12288K, reserved 1048576K
}
Event: 1406.223 GC heap after
{Heap after GC invocations=45 (full 6):
 garbage-first heap   total 81920K, used 33999K [0x0000000604800000, 0x0000000800000000)
  region size 4096K, 1 young (4096K), 1 survivors (4096K)
 Metaspace       used 90459K, committed 91200K, reserved 1179648K
  class space    used 11961K, committed 12288K, reserved 1048576K
}
Event: 1406.705 GC heap before
{Heap before GC invocations=46 (full 6):
 garbage-first heap   total 81920K, used 66767K [0x0000000604800000, 0x0000000800000000)
  region size 4096K, 9 young (36864K), 1 survivors (4096K)
 Metaspace       used 90604K, committed 91328K, reserved 1179648K
  class space    used 11966K, committed 12288K, reserved 1048576K
}
Event: 1406.708 GC heap after
{Heap after GC invocations=47 (full 6):
 garbage-first heap   total 81920K, used 37283K [0x0000000604800000, 0x0000000800000000)
  region size 4096K, 2 young (8192K), 2 survivors (8192K)
 Metaspace       used 90604K, committed 91328K, reserved 1179648K
  class space    used 11966K, committed 12288K, reserved 1048576K
}
Event: 1580.964 GC heap before
{Heap before GC invocations=47 (full 6):
 garbage-first heap   total 81920K, used 61859K [0x0000000604800000, 0x0000000800000000)
  region size 4096K, 9 young (36864K), 2 survivors (8192K)
 Metaspace       used 90707K, committed 91520K, reserved 1179648K
  class space    used 11985K, committed 12352K, reserved 1048576K
}
Event: 1581.011 GC heap after
{Heap after GC invocations=48 (full 7):
 garbage-first heap   total 81920K, used 30623K [0x0000000604800000, 0x0000000800000000)
  region size 4096K, 0 young (0K), 0 survivors (0K)
 Metaspace       used 90697K, committed 91520K, reserved 1179648K
  class space    used 11983K, committed 12352K, reserved 1048576K
}
Event: 1581.344 GC heap before
{Heap before GC invocations=48 (full 7):
 garbage-first heap   total 81920K, used 59295K [0x0000000604800000, 0x0000000800000000)
  region size 4096K, 8 young (32768K), 0 survivors (0K)
 Metaspace       used 90740K, committed 91520K, reserved 1179648K
  class space    used 11990K, committed 12352K, reserved 1048576K
}
Event: 1581.346 GC heap after
{Heap after GC invocations=49 (full 7):
 garbage-first heap   total 81920K, used 34096K [0x0000000604800000, 0x0000000800000000)
  region size 4096K, 1 young (4096K), 1 survivors (4096K)
 Metaspace       used 90740K, committed 91520K, reserved 1179648K
  class space    used 11990K, committed 12352K, reserved 1048576K
}
Event: 1582.151 GC heap before
{Heap before GC invocations=50 (full 7):
 garbage-first heap   total 81920K, used 62768K [0x0000000604800000, 0x0000000800000000)
  region size 4096K, 8 young (32768K), 1 survivors (4096K)
 Metaspace       used 90880K, committed 91648K, reserved 1179648K
  class space    used 11993K, committed 12352K, reserved 1048576K
}
Event: 1582.153 GC heap after
{Heap after GC invocations=51 (full 7):
 garbage-first heap   total 81920K, used 36537K [0x0000000604800000, 0x0000000800000000)
  region size 4096K, 1 young (4096K), 1 survivors (4096K)
 Metaspace       used 90880K, committed 91648K, reserved 1179648K
  class space    used 11993K, committed 12352K, reserved 1048576K
}
Event: 1735.521 GC heap before
{Heap before GC invocations=51 (full 7):
 garbage-first heap   total 81920K, used 57017K [0x0000000604800000, 0x0000000800000000)
  region size 4096K, 7 young (28672K), 1 survivors (4096K)
 Metaspace       used 90924K, committed 91712K, reserved 1179648K
  class space    used 12001K, committed 12352K, reserved 1048576K
}
Event: 1735.578 GC heap after
{Heap after GC invocations=52 (full 8):
 garbage-first heap   total 81920K, used 28806K [0x0000000604800000, 0x0000000800000000)
  region size 4096K, 0 young (0K), 0 survivors (0K)
 Metaspace       used 90914K, committed 91712K, reserved 1179648K
  class space    used 11998K, committed 12352K, reserved 1048576K
}
Event: 1735.897 GC heap before
{Heap before GC invocations=52 (full 8):
 garbage-first heap   total 81920K, used 61574K [0x0000000604800000, 0x0000000800000000)
  region size 4096K, 9 young (36864K), 0 survivors (0K)
 Metaspace       used 90958K, committed 91712K, reserved 1179648K
  class space    used 12005K, committed 12352K, reserved 1048576K
}
Event: 1735.900 GC heap after
{Heap after GC invocations=53 (full 8):
 garbage-first heap   total 81920K, used 32206K [0x0000000604800000, 0x0000000800000000)
  region size 4096K, 1 young (4096K), 1 survivors (4096K)
 Metaspace       used 90958K, committed 91712K, reserved 1179648K
  class space    used 12005K, committed 12352K, reserved 1048576K
}

Dll operation events (12 events):
Event: 0.029 Loaded shared library C:\Users\6003203\Documents\sts-4.25.0.RELEASE\plugins\org.eclipse.justj.openjdk.hotspot.jre.full.win32.x86_64_21.0.4.v20240802-1551\jre\bin\java.dll
Event: 0.037 Loaded shared library C:\Users\6003203\Documents\sts-4.25.0.RELEASE\plugins\org.eclipse.justj.openjdk.hotspot.jre.full.win32.x86_64_21.0.4.v20240802-1551\jre\bin\zip.dll
Event: 0.283 Loaded shared library C:\Users\6003203\Documents\sts-4.25.0.RELEASE\plugins\org.eclipse.justj.openjdk.hotspot.jre.full.win32.x86_64_21.0.4.v20240802-1551\jre\bin\instrument.dll
Event: 0.296 Loaded shared library C:\Users\6003203\Documents\sts-4.25.0.RELEASE\plugins\org.eclipse.justj.openjdk.hotspot.jre.full.win32.x86_64_21.0.4.v20240802-1551\jre\bin\net.dll
Event: 0.300 Loaded shared library C:\Users\6003203\Documents\sts-4.25.0.RELEASE\plugins\org.eclipse.justj.openjdk.hotspot.jre.full.win32.x86_64_21.0.4.v20240802-1551\jre\bin\nio.dll
Event: 0.307 Loaded shared library C:\Users\6003203\Documents\sts-4.25.0.RELEASE\plugins\org.eclipse.justj.openjdk.hotspot.jre.full.win32.x86_64_21.0.4.v20240802-1551\jre\bin\zip.dll
Event: 0.443 Loaded shared library C:\Users\6003203\Documents\sts-4.25.0.RELEASE\plugins\org.eclipse.justj.openjdk.hotspot.jre.full.win32.x86_64_21.0.4.v20240802-1551\jre\bin\jimage.dll
Event: 0.507 Loaded shared library C:\Users\6003203\Documents\sts-4.25.0.RELEASE\plugins\org.eclipse.justj.openjdk.hotspot.jre.full.win32.x86_64_21.0.4.v20240802-1551\jre\bin\management.dll
Event: 0.524 Loaded shared library C:\Users\6003203\Documents\sts-4.25.0.RELEASE\plugins\org.eclipse.justj.openjdk.hotspot.jre.full.win32.x86_64_21.0.4.v20240802-1551\jre\bin\management_ext.dll
Event: 0.700 Loaded shared library C:\Users\6003203\Documents\sts-4.25.0.RELEASE\plugins\org.eclipse.justj.openjdk.hotspot.jre.full.win32.x86_64_21.0.4.v20240802-1551\jre\bin\extnet.dll
Event: 0.731 Loaded shared library C:\Users\6003203\Documents\sts-4.25.0.RELEASE\plugins\org.eclipse.justj.openjdk.hotspot.jre.full.win32.x86_64_21.0.4.v20240802-1551\jre\bin\verify.dll
Event: 1.501 Loaded shared library C:\Users\6003203\Documents\sts-4.25.0.RELEASE\plugins\org.eclipse.justj.openjdk.hotspot.jre.full.win32.x86_64_21.0.4.v20240802-1551\jre\bin\sunmscapi.dll

Deoptimization events (20 events):
Event: 1741.066 Thread 0x000002be5d4b6520 DEOPT PACKING pc=0x000002be497fc3bc sp=0x000000e28bafe540
Event: 1741.066 Thread 0x000002be5d4b6520 DEOPT UNPACKING pc=0x000002be488788e2 sp=0x000000e28bafda68 mode 1
Event: 1741.066 Thread 0x000002be5d4b6520 DEOPT PACKING pc=0x000002be490d8574 sp=0x000000e28bafe430
Event: 1741.066 Thread 0x000002be5d4b6520 DEOPT UNPACKING pc=0x000002be488788e2 sp=0x000000e28bafd980 mode 1
Event: 1741.066 Thread 0x000002be5d4b6520 DEOPT PACKING pc=0x000002be497fc3bc sp=0x000000e28bafe540
Event: 1741.066 Thread 0x000002be5d4b6520 DEOPT UNPACKING pc=0x000002be488788e2 sp=0x000000e28bafda68 mode 1
Event: 1741.066 Thread 0x000002be5d4b6520 DEOPT PACKING pc=0x000002be490d8574 sp=0x000000e28bafe410
Event: 1741.066 Thread 0x000002be5d4b6520 DEOPT UNPACKING pc=0x000002be488788e2 sp=0x000000e28bafd960 mode 1
Event: 1741.066 Thread 0x000002be5d4b6520 DEOPT PACKING pc=0x000002be497ab10c sp=0x000000e28bafe520
Event: 1741.066 Thread 0x000002be5d4b6520 DEOPT UNPACKING pc=0x000002be488788e2 sp=0x000000e28bafda60 mode 1
Event: 1741.066 Thread 0x000002be5d4b6520 DEOPT PACKING pc=0x000002be490d8574 sp=0x000000e28bafe470
Event: 1741.066 Thread 0x000002be5d4b6520 DEOPT UNPACKING pc=0x000002be488788e2 sp=0x000000e28bafd9d8 mode 1
Event: 1741.066 Thread 0x000002be5d4b6520 DEOPT PACKING pc=0x000002be490d8574 sp=0x000000e28bafe410
Event: 1741.066 Thread 0x000002be5d4b6520 DEOPT UNPACKING pc=0x000002be488788e2 sp=0x000000e28bafd960 mode 1
Event: 1741.066 Thread 0x000002be5d4b6520 DEOPT PACKING pc=0x000002be497ab10c sp=0x000000e28bafe520
Event: 1741.066 Thread 0x000002be5d4b6520 DEOPT UNPACKING pc=0x000002be488788e2 sp=0x000000e28bafda60 mode 1
Event: 1741.066 Thread 0x000002be5d4b6520 DEOPT PACKING pc=0x000002be490d8574 sp=0x000000e28bafe470
Event: 1741.066 Thread 0x000002be5d4b6520 DEOPT UNPACKING pc=0x000002be488788e2 sp=0x000000e28bafd9d8 mode 1
Event: 1826.720 Thread 0x000002be5d4b6bb0 DEOPT PACKING pc=0x000002be48c85314 sp=0x000000e28d1fd740
Event: 1826.720 Thread 0x000002be5d4b6bb0 DEOPT UNPACKING pc=0x000002be488788e2 sp=0x000000e28d1fcbf8 mode 0

Classes loaded (20 events):
Event: 798.883 Loading class org/w3c/dom/Document
Event: 798.883 Loading class org/w3c/dom/Document done
Event: 798.894 Loading class java/net/UrlDeserializedState
Event: 798.894 Loading class java/net/UrlDeserializedState done
Event: 992.124 Loading class java/time/DurationEditor
Event: 992.124 Loading class java/time/DurationEditor done
Event: 1272.035 Loading class java/time/DurationEditor
Event: 1272.035 Loading class java/time/DurationEditor done
Event: 1300.981 Loading class java/lang/StringEditor
Event: 1300.981 Loading class java/lang/StringEditor done
Event: 1406.216 Loading class java/io/InvalidClassException
Event: 1406.216 Loading class java/io/InvalidClassException done
Event: 1406.629 Loading class java/time/DurationEditor
Event: 1406.629 Loading class java/time/DurationEditor done
Event: 1416.027 Loading class java/lang/StringEditor
Event: 1416.027 Loading class java/lang/StringEditor done
Event: 1581.421 Loading class java/util/HashMap$UnsafeHolder
Event: 1581.421 Loading class java/util/HashMap$UnsafeHolder done
Event: 1582.140 Loading class java/time/DurationEditor
Event: 1582.140 Loading class java/time/DurationEditor done

Classes unloaded (20 events):
Event: 1735.924 Thread 0x000002be446f6b50 Unloading class 0x0000000800bfd000 'jdk/internal/reflect/GeneratedSerializationConstructorAccessor180'
Event: 1735.924 Thread 0x000002be446f6b50 Unloading class 0x0000000800bfa400 'jdk/internal/reflect/GeneratedSerializationConstructorAccessor179'
Event: 1735.924 Thread 0x000002be446f6b50 Unloading class 0x0000000800bfa000 'java/lang/invoke/LambdaForm$MH+0x0000000800bfa000'
Event: 1735.924 Thread 0x000002be446f6b50 Unloading class 0x0000000800bef400 'java/lang/invoke/LambdaForm$MH+0x0000000800bef400'
Event: 1735.924 Thread 0x000002be446f6b50 Unloading class 0x0000000800bef000 'java/lang/invoke/LambdaForm$MH+0x0000000800bef000'
Event: 1735.924 Thread 0x000002be446f6b50 Unloading class 0x00000008002a5c00 'java/lang/invoke/LambdaForm$BMH+0x00000008002a5c00'
Event: 1735.924 Thread 0x000002be446f6b50 Unloading class 0x0000000800c0d400 'java/lang/invoke/LambdaForm$MH+0x0000000800c0d400'
Event: 1735.924 Thread 0x000002be446f6b50 Unloading class 0x0000000800c0d000 'java/lang/invoke/LambdaForm$MH+0x0000000800c0d000'
Event: 1735.924 Thread 0x000002be446f6b50 Unloading class 0x0000000800c0f400 'java/lang/invoke/LambdaForm$MH+0x0000000800c0f400'
Event: 1735.924 Thread 0x000002be446f6b50 Unloading class 0x0000000800bfb800 'java/lang/invoke/LambdaForm$MH+0x0000000800bfb800'
Event: 1735.924 Thread 0x000002be446f6b50 Unloading class 0x0000000800bfa800 'java/lang/invoke/LambdaForm$MH+0x0000000800bfa800'
Event: 1735.924 Thread 0x000002be446f6b50 Unloading class 0x0000000800559000 'java/lang/invoke/LambdaForm$MH+0x0000000800559000'
Event: 1735.924 Thread 0x000002be446f6b50 Unloading class 0x0000000800a30000 'java/lang/invoke/LambdaForm$MH+0x0000000800a30000'
Event: 1735.924 Thread 0x000002be446f6b50 Unloading class 0x000000080014b000 'java/lang/invoke/LambdaForm$MH+0x000000080014b000'
Event: 1735.924 Thread 0x000002be446f6b50 Unloading class 0x0000000800500800 'java/lang/invoke/LambdaForm$MH+0x0000000800500800'
Event: 1735.924 Thread 0x000002be446f6b50 Unloading class 0x00000008002e6400 'java/lang/invoke/LambdaForm$MH+0x00000008002e6400'
Event: 1735.924 Thread 0x000002be446f6b50 Unloading class 0x00000008002a4800 'java/lang/invoke/LambdaForm$MH+0x00000008002a4800'
Event: 1735.924 Thread 0x000002be446f6b50 Unloading class 0x0000000800210400 'java/lang/invoke/LambdaForm$MH+0x0000000800210400'
Event: 1735.924 Thread 0x000002be446f6b50 Unloading class 0x0000000800148400 'java/lang/invoke/LambdaForm$MH+0x0000000800148400'
Event: 1735.924 Thread 0x000002be446f6b50 Unloading class 0x0000000800bf0c00 'java/lang/invoke/LambdaForm$MH+0x0000000800bf0c00'

Classes redefined (6 events):
Event: 1269.683 Thread 0x000002be446f6b50 redefined class name=com.app.web.controlador.UsuarioControlador, count=1
Event: 1269.683 Thread 0x000002be446f6b50 redefined class name=com.app.web.controlador.UsuarioControlador, count=1
Event: 1269.683 Thread 0x000002be446f6b50 redefined class name=com.app.web.controlador.UsuarioControlador, count=1
Event: 1269.683 Thread 0x000002be446f6b50 redefined class name=com.app.web.controlador.UsuarioControlador, count=1
Event: 1269.683 Thread 0x000002be446f6b50 redefined class name=com.app.web.controlador.UsuarioControlador, count=1
Event: 1826.745 Thread 0x000002be446f6b50 redefined class name=com.app.web.controlador.PerfilControlador, count=1

Internal exceptions (20 events):
Event: 1735.509 Thread 0x000002be5d4b5170 Exception <a 'java/io/IOException'{0x0000000608359bf0}> (0x0000000608359bf0) 
thrown [s\src\hotspot\share\prims\jni.cpp, line 520]
Event: 1735.509 Thread 0x000002be5d4b5170 Exception <a 'java/io/IOException'{0x000000060835a810}> (0x000000060835a810) 
thrown [s\src\hotspot\share\prims\jni.cpp, line 520]
Event: 1735.510 Thread 0x000002be5d4b5170 Exception <a 'java/io/IOException'{0x000000060835c810}> (0x000000060835c810) 
thrown [s\src\hotspot\share\prims\jni.cpp, line 520]
Event: 1735.510 Thread 0x000002be5d4b5170 Exception <a 'java/io/IOException'{0x000000060835e810}> (0x000000060835e810) 
thrown [s\src\hotspot\share\prims\jni.cpp, line 520]
Event: 1735.511 Thread 0x000002be5d4b5170 Exception <a 'java/io/IOException'{0x0000000608360810}> (0x0000000608360810) 
thrown [s\src\hotspot\share\prims\jni.cpp, line 520]
Event: 1735.511 Thread 0x000002be5d4b5170 Exception <a 'java/io/IOException'{0x0000000608362810}> (0x0000000608362810) 
thrown [s\src\hotspot\share\prims\jni.cpp, line 520]
Event: 1735.512 Thread 0x000002be5d4b5170 Exception <a 'java/io/IOException'{0x0000000608364810}> (0x0000000608364810) 
thrown [s\src\hotspot\share\prims\jni.cpp, line 520]
Event: 1735.513 Thread 0x000002be5d4b5170 Exception <a 'java/io/IOException'{0x00000006083667e8}> (0x00000006083667e8) 
thrown [s\src\hotspot\share\prims\jni.cpp, line 520]
Event: 1735.513 Thread 0x000002be5d4b5170 Exception <a 'java/io/IOException'{0x0000000608367408}> (0x0000000608367408) 
thrown [s\src\hotspot\share\prims\jni.cpp, line 520]
Event: 1735.513 Thread 0x000002be5d4b5170 Exception <a 'java/io/IOException'{0x0000000608369408}> (0x0000000608369408) 
thrown [s\src\hotspot\share\prims\jni.cpp, line 520]
Event: 1735.514 Thread 0x000002be5d4b5170 Exception <a 'java/io/IOException'{0x000000060836b440}> (0x000000060836b440) 
thrown [s\src\hotspot\share\prims\jni.cpp, line 520]
Event: 1735.521 Thread 0x000002be60464f50 Exception <a 'java/lang/InterruptedException'{0x00000006083a95b0}: sleep interrupted> (0x00000006083a95b0) 
thrown [s\src\hotspot\share\prims\jvm.cpp, line 3074]
Event: 1735.592 Thread 0x000002be5d4b6bb0 Exception <a 'sun/nio/fs/WindowsException'{0x000000060947b0b0}> (0x000000060947b0b0) 
thrown [s\src\hotspot\share\prims\jni.cpp, line 520]
Event: 1735.826 Thread 0x000002be5d4b6bb0 Exception <a 'java/lang/NoClassDefFoundError'{0x0000000607ecd0c8}: org/flywaydb/core/Flyway> (0x0000000607ecd0c8) 
thrown [s\src\hotspot\share\oops\constantPool.cpp, line 873]
Event: 1735.826 Thread 0x000002be5d4b6bb0 Exception <a 'java/lang/NoClassDefFoundError'{0x0000000607ecd728}: liquibase/integration/spring/SpringLiquibase> (0x0000000607ecd728) 
thrown [s\src\hotspot\share\oops\constantPool.cpp, line 873]
Event: 1735.829 Thread 0x000002be5d4b6bb0 Exception <a 'java/lang/NoClassDefFoundError'{0x0000000607f376e8}: org/jooq/DSLContext> (0x0000000607f376e8) 
thrown [s\src\hotspot\share\oops\constantPool.cpp, line 873]
Event: 1735.830 Thread 0x000002be5d4b6bb0 Exception <a 'java/lang/NoClassDefFoundError'{0x0000000607f43cd8}: org/springframework/batch/core/repository/JobRepository> (0x0000000607f43cd8) 
thrown [s\src\hotspot\share\oops\constantPool.cpp, line 873]
Event: 1735.831 Thread 0x000002be5d4b6bb0 Exception <a 'java/lang/NoClassDefFoundError'{0x0000000607f44330}: org/quartz/Scheduler> (0x0000000607f44330) 
thrown [s\src\hotspot\share\oops\constantPool.cpp, line 873]
Event: 1735.831 Thread 0x000002be5d4b6bb0 Exception <a 'java/lang/NoClassDefFoundError'{0x0000000607f449b0}: org/springframework/session/jdbc/JdbcIndexedSessionRepository> (0x0000000607f449b0) 
thrown [s\src\hotspot\share\oops\constantPool.cpp, line 873]
Event: 1735.867 Thread 0x000002be5d4b6bb0 Exception <a 'java/io/FileNotFoundException'{0x00000006075dda78}> (0x00000006075dda78) 
thrown [s\src\hotspot\share\prims\jni.cpp, line 520]

ZGC Phase Switch (0 events):
No events

VM Operations (20 events):
Event: 1737.012 Executing VM operation: get/set locals
Event: 1737.012 Executing VM operation: get/set locals done
Event: 1737.013 Executing VM operation: get/set locals
Event: 1737.013 Executing VM operation: get/set locals done
Event: 1743.760 Executing VM operation: HandshakeAllThreads (HandshakeForDeflation)
Event: 1743.760 Executing VM operation: HandshakeAllThreads (HandshakeForDeflation) done
Event: 1743.760 Executing VM operation: RendezvousGCThreads
Event: 1743.760 Executing VM operation: RendezvousGCThreads done
Event: 1803.865 Executing VM operation: HandshakeAllThreads (HandshakeForDeflation)
Event: 1803.865 Executing VM operation: HandshakeAllThreads (HandshakeForDeflation) done
Event: 1803.865 Executing VM operation: RendezvousGCThreads
Event: 1803.865 Executing VM operation: RendezvousGCThreads done
Event: 1826.720 Executing VM operation: ChangeSingleStep
Event: 1826.720 Executing VM operation: ChangeSingleStep done
Event: 1826.720 Executing VM operation: ChangeSingleStep
Event: 1826.720 Executing VM operation: ChangeSingleStep done
Event: 1826.739 Executing VM operation: RedefineClasses
Event: 1826.760 Executing VM operation: RedefineClasses done
Event: 1826.761 Executing VM operation: ChangeSingleStep
Event: 1826.761 Executing VM operation: ChangeSingleStep done

Memory protections (0 events):
No events

Nmethod flushes (20 events):
Event: 1735.930 Thread 0x000002be446f6b50 flushing  nmethod 0x000002be49937890
Event: 1735.930 Thread 0x000002be446f6b50 flushing  nmethod 0x000002be49937c10
Event: 1735.930 Thread 0x000002be446f6b50 flushing  nmethod 0x000002be49938090
Event: 1735.930 Thread 0x000002be446f6b50 flushing  nmethod 0x000002be49939010
Event: 1735.930 Thread 0x000002be446f6b50 flushing  nmethod 0x000002be4993a410
Event: 1735.930 Thread 0x000002be446f6b50 flushing  nmethod 0x000002be4993ac90
Event: 1735.930 Thread 0x000002be446f6b50 flushing  nmethod 0x000002be4993af90
Event: 1735.930 Thread 0x000002be446f6b50 flushing  nmethod 0x000002be4994ed10
Event: 1735.930 Thread 0x000002be446f6b50 flushing  nmethod 0x000002be4994f110
Event: 1735.930 Thread 0x000002be446f6b50 flushing  nmethod 0x000002be4994f690
Event: 1735.930 Thread 0x000002be446f6b50 flushing  nmethod 0x000002be4994fc90
Event: 1735.930 Thread 0x000002be446f6b50 flushing  nmethod 0x000002be49950590
Event: 1735.930 Thread 0x000002be446f6b50 flushing  nmethod 0x000002be49950890
Event: 1735.930 Thread 0x000002be446f6b50 flushing  nmethod 0x000002be49952990
Event: 1735.930 Thread 0x000002be446f6b50 flushing  nmethod 0x000002be49953110
Event: 1735.930 Thread 0x000002be446f6b50 flushing  nmethod 0x000002be49953710
Event: 1735.930 Thread 0x000002be446f6b50 flushing  nmethod 0x000002be49955690
Event: 1735.930 Thread 0x000002be446f6b50 flushing  nmethod 0x000002be49955b90
Event: 1735.930 Thread 0x000002be446f6b50 flushing  nmethod 0x000002be49955e90
Event: 1735.930 Thread 0x000002be446f6b50 flushing  nmethod 0x000002be49956190

Events (20 events):
Event: 1735.506 Thread 0x000002be60469780 Thread exited: 0x000002be60469780
Event: 1735.506 Thread 0x000002be6046b850 Thread exited: 0x000002be6046b850
Event: 1735.506 Thread 0x000002be60468a60 Thread exited: 0x000002be60468a60
Event: 1735.507 Thread 0x000002be5d4b4450 Thread added: 0x000002be5d4b5170
Event: 1735.508 Thread 0x000002be6046ab30 Thread exited: 0x000002be6046ab30
Event: 1735.515 Thread 0x000002be5d4b5170 Thread exited: 0x000002be5d4b5170
Event: 1735.521 Thread 0x000002be60464f50 Thread exited: 0x000002be60464f50
Event: 1735.521 Thread 0x000002be60466300 Thread exited: 0x000002be60466300
Event: 1735.521 Thread 0x000002be604648c0 Thread exited: 0x000002be604648c0
Event: 1735.578 Thread 0x000002be5d4b4450 Thread added: 0x000002be5d4b4ae0
Event: 1735.579 Thread 0x000002be5d4b4ae0 Thread exited: 0x000002be5d4b4ae0
Event: 1735.579 Thread 0x000002be5d4b4450 Thread added: 0x000002be5d4b6bb0
Event: 1735.632 Thread 0x000002be5d4b6bb0 Thread added: 0x000002be5d4b3730
Event: 1735.660 Thread 0x000002be5d4b3730 Thread exited: 0x000002be5d4b3730
Event: 1735.897 Thread 0x000002be5d4b6bb0 Thread added: 0x000002be5d4b2380
Event: 1735.897 Thread 0x000002be5d4b6bb0 Thread added: 0x000002be5d4b1cf0
Event: 1735.901 Thread 0x000002be5d4b6bb0 Thread added: 0x000002be5d4b2a10
Event: 1735.984 Thread 0x000002be5d4b6bb0 Thread added: 0x000002be5d4b4ae0
Event: 1736.088 Thread 0x000002be5d4b4ae0 Thread added: 0x000002be5d4b30a0
Event: 1741.522 Thread 0x000002be5d4b30a0 Thread exited: 0x000002be5d4b30a0


Dynamic libraries:
0x00007ff73fcb0000 - 0x00007ff73fcbe000 	C:\Users\6003203\Documents\sts-4.25.0.RELEASE\plugins\org.eclipse.justj.openjdk.hotspot.jre.full.win32.x86_64_21.0.4.v20240802-1551\jre\bin\javaw.exe
0x00007ffdaeed0000 - 0x00007ffdaf0e7000 	C:\windows\SYSTEM32\ntdll.dll
0x00007ffdadb90000 - 0x00007ffdadc54000 	C:\windows\System32\KERNEL32.DLL
0x00007ffdac580000 - 0x00007ffdac953000 	C:\windows\System32\KERNELBASE.dll
0x0000000057750000 - 0x00000000577ee000 	C:\ProgramData\Symantec\Symantec Endpoint Protection\14.3.11216.9000.105\Data\Sysfer\x64\sysfer.dll
0x00007ffdac2a0000 - 0x00007ffdac3b1000 	C:\windows\System32\ucrtbase.dll
0x00007ffda6320000 - 0x00007ffda6338000 	C:\Users\6003203\Documents\sts-4.25.0.RELEASE\plugins\org.eclipse.justj.openjdk.hotspot.jre.full.win32.x86_64_21.0.4.v20240802-1551\jre\bin\jli.dll
0x00007ffda6300000 - 0x00007ffda631b000 	C:\Users\6003203\Documents\sts-4.25.0.RELEASE\plugins\org.eclipse.justj.openjdk.hotspot.jre.full.win32.x86_64_21.0.4.v20240802-1551\jre\bin\VCRUNTIME140.dll
0x00007ffdadf40000 - 0x00007ffdae0f1000 	C:\windows\System32\USER32.dll
0x00007ffdac180000 - 0x00007ffdac1a6000 	C:\windows\System32\win32u.dll
0x00007ffd97920000 - 0x00007ffd97bb8000 	C:\windows\WinSxS\amd64_microsoft.windows.common-controls_6595b64144ccf1df_6.0.22621.5124_none_270e8f4f7386d69d\COMCTL32.dll
0x00007ffdade40000 - 0x00007ffdade69000 	C:\windows\System32\GDI32.dll
0x00007ffdacec0000 - 0x00007ffdacf67000 	C:\windows\System32\msvcrt.dll
0x00007ffdac060000 - 0x00007ffdac17b000 	C:\windows\System32\gdi32full.dll
0x00007ffdacad0000 - 0x00007ffdacb6a000 	C:\windows\System32\msvcp_win.dll
0x00007ffdacb80000 - 0x00007ffdacbb1000 	C:\windows\System32\IMM32.DLL
0x00007ffda65c0000 - 0x00007ffda65cc000 	C:\Users\6003203\Documents\sts-4.25.0.RELEASE\plugins\org.eclipse.justj.openjdk.hotspot.jre.full.win32.x86_64_21.0.4.v20240802-1551\jre\bin\vcruntime140_1.dll
0x00007ffd9f100000 - 0x00007ffd9f18e000 	C:\Users\6003203\Documents\sts-4.25.0.RELEASE\plugins\org.eclipse.justj.openjdk.hotspot.jre.full.win32.x86_64_21.0.4.v20240802-1551\jre\bin\msvcp140.dll
0x00007ffd07c60000 - 0x00007ffd089e8000 	C:\Users\6003203\Documents\sts-4.25.0.RELEASE\plugins\org.eclipse.justj.openjdk.hotspot.jre.full.win32.x86_64_21.0.4.v20240802-1551\jre\bin\server\jvm.dll
0x00007ffdaccf0000 - 0x00007ffdacda1000 	C:\windows\System32\ADVAPI32.dll
0x00007ffdacc30000 - 0x00007ffdaccd8000 	C:\windows\System32\sechost.dll
0x00007ffdac270000 - 0x00007ffdac298000 	C:\windows\System32\bcrypt.dll
0x00007ffdada70000 - 0x00007ffdadb84000 	C:\windows\System32\RPCRT4.dll
0x00007ffdad650000 - 0x00007ffdad6c1000 	C:\windows\System32\WS2_32.dll
0x00007ffdabeb0000 - 0x00007ffdabefd000 	C:\windows\SYSTEM32\POWRPROF.dll
0x00007ffda6110000 - 0x00007ffda6144000 	C:\windows\SYSTEM32\WINMM.dll
0x00007ffda3f10000 - 0x00007ffda3f1a000 	C:\windows\SYSTEM32\VERSION.dll
0x00007ffdabe90000 - 0x00007ffdabea3000 	C:\windows\SYSTEM32\UMPDC.dll
0x00007ffd791e0000 - 0x00007ffd7933c000 	C:\Program Files (x86)\Manufacturer\Endpoint Agent\clpbm64.dll
0x00007ffdaec10000 - 0x00007ffdaedb1000 	C:\windows\System32\ole32.dll
0x00007ffdad6d0000 - 0x00007ffdada62000 	C:\windows\System32\combase.dll
0x00007ffdaeb30000 - 0x00007ffdaec07000 	C:\windows\System32\OLEAUT32.dll
0x00007ffdae180000 - 0x00007ffdaea16000 	C:\windows\System32\SHELL32.dll
0x00007ffdac3c0000 - 0x00007ffdac4ff000 	C:\windows\System32\wintypes.dll
0x00007ffdacbc0000 - 0x00007ffdacc23000 	C:\windows\System32\SHLWAPI.dll
0x00007ffdacce0000 - 0x00007ffdacce8000 	C:\windows\System32\PSAPI.DLL
0x00007ffdab5d0000 - 0x00007ffdab5f8000 	C:\windows\SYSTEM32\USERENV.dll
0x00007ffdaad10000 - 0x00007ffdaad1c000 	C:\windows\SYSTEM32\Secur32.dll
0x00007ffdab2c0000 - 0x00007ffdab303000 	C:\windows\SYSTEM32\SSPICLI.DLL
0x00007ffdaaf30000 - 0x00007ffdaaf48000 	C:\windows\SYSTEM32\kernel.appcore.dll
0x00007ffda9c40000 - 0x00007ffda9c4a000 	C:\Users\6003203\Documents\sts-4.25.0.RELEASE\plugins\org.eclipse.justj.openjdk.hotspot.jre.full.win32.x86_64_21.0.4.v20240802-1551\jre\bin\jimage.dll
0x00007ffda9810000 - 0x00007ffda9a42000 	C:\windows\SYSTEM32\DBGHELP.DLL
0x00007ffd92980000 - 0x00007ffd929b2000 	C:\windows\SYSTEM32\dbgcore.DLL
0x00007ffdabfe0000 - 0x00007ffdac05b000 	C:\windows\System32\bcryptPrimitives.dll
0x00007ffd78ff0000 - 0x00007ffd79054000 	C:\Program Files (x86)\Manufacturer\Endpoint Agent\prntm64.dll
0x00007ffd89580000 - 0x00007ffd89628000 	C:\windows\SYSTEM32\WINSPOOL.DRV
0x00007ffdaea20000 - 0x00007ffdaeb2a000 	C:\windows\System32\shcore.dll
0x00007ffd9f0c0000 - 0x00007ffd9f0fc000 	C:\Users\6003203\Documents\sts-4.25.0.RELEASE\plugins\org.eclipse.justj.openjdk.hotspot.jre.full.win32.x86_64_21.0.4.v20240802-1551\jre\bin\jdwp.dll
0x00007ffda7470000 - 0x00007ffda747f000 	C:\Users\6003203\Documents\sts-4.25.0.RELEASE\plugins\org.eclipse.justj.openjdk.hotspot.jre.full.win32.x86_64_21.0.4.v20240802-1551\jre\bin\instrument.dll
0x00007ffda9bc0000 - 0x00007ffda9bdf000 	C:\Users\6003203\Documents\sts-4.25.0.RELEASE\plugins\org.eclipse.justj.openjdk.hotspot.jre.full.win32.x86_64_21.0.4.v20240802-1551\jre\bin\java.dll
0x00007ffda72e0000 - 0x00007ffda72f8000 	C:\Users\6003203\Documents\sts-4.25.0.RELEASE\plugins\org.eclipse.justj.openjdk.hotspot.jre.full.win32.x86_64_21.0.4.v20240802-1551\jre\bin\zip.dll
0x00007ffda9c50000 - 0x00007ffdaa56a000 	C:\windows\SYSTEM32\windows.storage.dll
0x00007ffdabf10000 - 0x00007ffdabf3b000 	C:\windows\SYSTEM32\profapi.dll
0x00007ffda71a0000 - 0x00007ffda71ab000 	C:\Users\6003203\Documents\sts-4.25.0.RELEASE\plugins\org.eclipse.justj.openjdk.hotspot.jre.full.win32.x86_64_21.0.4.v20240802-1551\jre\bin\dt_socket.dll
0x00007ffdaa7c0000 - 0x00007ffdaa7ed000 	C:\windows\SYSTEM32\IPHLPAPI.DLL
0x00007ffdab4e0000 - 0x00007ffdab54a000 	C:\windows\system32\mswsock.dll
0x00007ffdaa7f0000 - 0x00007ffdaa8f2000 	C:\windows\SYSTEM32\DNSAPI.dll
0x00007ffdad640000 - 0x00007ffdad649000 	C:\windows\System32\NSI.dll
0x00007ffda4d90000 - 0x00007ffda4d9a000 	C:\Windows\System32\rasadhlp.dll
0x00007ffda74a0000 - 0x00007ffda7523000 	C:\windows\System32\fwpuclnt.dll
0x00007ffda9bb0000 - 0x00007ffda9bc0000 	C:\Users\6003203\Documents\sts-4.25.0.RELEASE\plugins\org.eclipse.justj.openjdk.hotspot.jre.full.win32.x86_64_21.0.4.v20240802-1551\jre\bin\net.dll
0x00007ffdaaf50000 - 0x00007ffdab07c000 	C:\windows\SYSTEM32\WINHTTP.dll
0x00007ffda72c0000 - 0x00007ffda72d6000 	C:\Users\6003203\Documents\sts-4.25.0.RELEASE\plugins\org.eclipse.justj.openjdk.hotspot.jre.full.win32.x86_64_21.0.4.v20240802-1551\jre\bin\nio.dll
0x00007ffda64f0000 - 0x00007ffda64fa000 	C:\Users\6003203\Documents\sts-4.25.0.RELEASE\plugins\org.eclipse.justj.openjdk.hotspot.jre.full.win32.x86_64_21.0.4.v20240802-1551\jre\bin\management.dll
0x00007ffda62f0000 - 0x00007ffda62fb000 	C:\Users\6003203\Documents\sts-4.25.0.RELEASE\plugins\org.eclipse.justj.openjdk.hotspot.jre.full.win32.x86_64_21.0.4.v20240802-1551\jre\bin\management_ext.dll
0x00007ffd7f840000 - 0x00007ffd7f857000 	C:\windows\system32\napinsp.dll
0x00007ffd7de60000 - 0x00007ffd7de7b000 	C:\windows\system32\pnrpnsp.dll
0x00007ffd7de40000 - 0x00007ffd7de51000 	C:\windows\System32\winrnr.dll
0x00007ffd7de20000 - 0x00007ffd7de35000 	C:\windows\system32\wshbth.dll
0x00007ffd7ddf0000 - 0x00007ffd7de17000 	C:\windows\system32\nlansp_c.dll
0x00007ffdab730000 - 0x00007ffdab74b000 	C:\windows\SYSTEM32\CRYPTSP.dll
0x00007ffdaae90000 - 0x00007ffdaaec7000 	C:\windows\system32\rsaenh.dll
0x00007ffdab750000 - 0x00007ffdab75c000 	C:\windows\SYSTEM32\CRYPTBASE.dll
0x00007ffda7170000 - 0x00007ffda7179000 	C:\Users\6003203\Documents\sts-4.25.0.RELEASE\plugins\org.eclipse.justj.openjdk.hotspot.jre.full.win32.x86_64_21.0.4.v20240802-1551\jre\bin\extnet.dll
0x00007ffda89c0000 - 0x00007ffda89d0000 	C:\Users\6003203\Documents\sts-4.25.0.RELEASE\plugins\org.eclipse.justj.openjdk.hotspot.jre.full.win32.x86_64_21.0.4.v20240802-1551\jre\bin\verify.dll
0x00007ffda7190000 - 0x00007ffda719e000 	C:\Users\6003203\Documents\sts-4.25.0.RELEASE\plugins\org.eclipse.justj.openjdk.hotspot.jre.full.win32.x86_64_21.0.4.v20240802-1551\jre\bin\sunmscapi.dll
0x00007ffdac960000 - 0x00007ffdacac7000 	C:\windows\System32\CRYPT32.dll
0x00007ffdab8a0000 - 0x00007ffdab8cd000 	C:\windows\SYSTEM32\ncrypt.dll
0x00007ffdab860000 - 0x00007ffdab897000 	C:\windows\SYSTEM32\NTASN1.dll
0x00007ffda6590000 - 0x00007ffda6598000 	C:\windows\system32\wshunix.dll

dbghelp: loaded successfully - version: 4.0.5 - missing functions: none
symbol engine: initialized successfully - sym options: 0x614 - pdb path: .;C:\Users\6003203\Documents\sts-4.25.0.RELEASE\plugins\org.eclipse.justj.openjdk.hotspot.jre.full.win32.x86_64_21.0.4.v20240802-1551\jre\bin;C:\windows\SYSTEM32;C:\ProgramData\Symantec\Symantec Endpoint Protection\14.3.11216.9000.105\Data\Sysfer\x64;C:\windows\WinSxS\amd64_microsoft.windows.common-controls_6595b64144ccf1df_6.0.22621.5124_none_270e8f4f7386d69d;C:\Users\6003203\Documents\sts-4.25.0.RELEASE\plugins\org.eclipse.justj.openjdk.hotspot.jre.full.win32.x86_64_21.0.4.v20240802-1551\jre\bin\server;C:\Program Files (x86)\Manufacturer\Endpoint Agent

VM Arguments:
jvm_args: -XX:+ShowCodeDetailsInExceptionMessages -agentlib:jdwp=transport=dt_socket,suspend=y,address=localhost:56147 -Dcom.sun.management.jmxremote -Dcom.sun.management.jmxremote.port=56143 -Dcom.sun.management.jmxremote.authenticate=false -Dcom.sun.management.jmxremote.ssl=false -Djava.rmi.server.hostname=localhost -Dspring.jmx.enabled=true -Dmanagement.endpoints.jmx.exposure.include=* -Dspring.application.admin.enabled=true -Dspring.output.ansi.enabled=always -XX:TieredStopAtLevel=1 -Dspring.boot.project.name=TFG-GamerLink_TFG-GamerLink -javaagent:C:\Users\6003203\Documents\sts-4.25.0.RELEASE\configuration\org.eclipse.osgi\270\0\.cp\lib\javaagent-shaded.jar -Dfile.encoding=UTF-8 -Dstdout.encoding=UTF-8 -Dstderr.encoding=UTF-8 
java_command: com.app.web.TfgGamerLinkApplication
java_class_path (initial): C:\Users\6003203\Desktop\Practicas\TFG-GamerLink\TFG-GamerLink\TFG-GamerLink\target\classes;C:\Users\6003203\.m2\repository\org\springframework\boot\spring-boot-starter-data-jpa\3.4.3\spring-boot-starter-data-jpa-3.4.3.jar;C:\Users\6003203\.m2\repository\org\springframework\boot\spring-boot-starter\3.4.3\spring-boot-starter-3.4.3.jar;C:\Users\6003203\.m2\repository\org\springframework\boot\spring-boot-starter-logging\3.4.3\spring-boot-starter-logging-3.4.3.jar;C:\Users\6003203\.m2\repository\ch\qos\logback\logback-classic\1.5.16\logback-classic-1.5.16.jar;C:\Users\6003203\.m2\repository\ch\qos\logback\logback-core\1.5.16\logback-core-1.5.16.jar;C:\Users\6003203\.m2\repository\org\apache\logging\log4j\log4j-to-slf4j\2.24.3\log4j-to-slf4j-2.24.3.jar;C:\Users\6003203\.m2\repository\org\apache\logging\log4j\log4j-api\2.24.3\log4j-api-2.24.3.jar;C:\Users\6003203\.m2\repository\org\slf4j\jul-to-slf4j\2.0.16\jul-to-slf4j-2.0.16.jar;C:\Users\6003203\.m2\repository\jakarta\annotation\jakarta.annotation-api\2.1.1\jakarta.annotation-api-2.1.1.jar;C:\Users\6003203\.m2\repository\org\yaml\snakeyaml\2.3\snakeyaml-2.3.jar;C:\Users\6003203\.m2\repository\org\springframework\boot\spring-boot-starter-jdbc\3.4.3\spring-boot-starter-jdbc-3.4.3.jar;C:\Users\6003203\.m2\repository\com\zaxxer\HikariCP\5.1.0\HikariCP-5.1.0.jar;C:\Users\6003203\.m2\repository\org\springframework\spring-jdbc\6.2.3\spring-jdbc-6.2.3.jar;C:\Users\6003203\.m2\repository\org\hibernate\orm\hibernate-core\6.6.8.Final\hibernate-core-6.6.8.Final.jar;C:\Users\6003203\.m2\repository\jakarta\persistence\jakarta.persistence-api\3.1.0\jakarta.persistence-api-3.1.0.jar;C:\Users\6003203\.m2\repository\jakarta\transaction\jakarta.transaction-api\2.0.1\jakarta.transaction-api-2.0.1.jar;C:\Users\6003203\.m2\repository\org\jboss\logging\jboss-logging\3.6.1.Final\jboss-logging-3.6.1.Final.jar;C:\Users\6003203\.m2\repository\org\hibernate\common\hibernate-commons-annotations\7.0.3.Final\hibernate-commons-annotations-7.0.3.Final.jar;C:\Users\6003203\.m2\repository\io\smallrye\jandex\3.2.0\jandex-3.2.0.jar;C:\Users\6003203\.m2\repository\com\fasterxml\classmate\1.7.0\classmate-1.7.0.jar;C:\Users\6003203\.m2\repository\net\bytebuddy\byte-buddy\1.15.11\byte-buddy-1.15.11.jar;C:\Users\6003203\.m2\repository\org\glassfish\jaxb\jaxb-runtime\4.0.5\jaxb-runtime-4.0.5.jar;C:\Users\6003203\.m2\repository\org\glassfish\jaxb\jaxb-core\4.0.5\jaxb-core-4.0.5.jar;C:\Users\6003203\.m2\repository\org\eclipse\angus\angus-activation\2.0.2\angus-activation-2.0.2.jar;C:\Users\6003203\.m2\repository\org\glassfish\jaxb\txw2\4.0.5\txw2-4.0.5.jar;C:\Users\6003203\.m2\repository\com\sun\istack\istack-commons-runtime\4.1.2\istack-commons-runtime-4.1.2.jar;C:\Users\6003203\.m2\repository\jakarta\inject\jakarta.inject-api\2.0.1\jakarta.inject-api-2.0.1.jar;C:\Users\6003203\.m2\repository\org\antlr\antlr4-runtime\4.13.0\antlr4-runtime-4.13.0.jar;C:\Users\6003203\.m2\repository\org\springframework\data\spring-data-jpa\3.4.3\spring-data-jpa-3.4.3.jar;C:\Users\6003203\.m2\repository\org\springframework\data\spring-data-commons\3.4.3\spring-data-commons-3.4.3.jar;C:\Users\6003203\.m2\repository\org\springframework\spring-orm\6.2.3\spring-orm-6.2.3.jar;C:\Users\6003203\.m2\repository\org\springframework\spring-context\6.2.3\spring-context-6.2.3.jar;C:\Users\6003203\.m2\repository\org\springframework\spring-tx\6.2.3\spring-tx-6.2.3.jar;C:\Users\6003203\.m2\repository\org\springframework\spring-beans\6.2.3\spring-beans-6.2.3.jar;C:\Users\6003203\.m2\repository\org\slf4j\slf4j-api\2.0.16\slf4j-api-2.0.16.jar;C:\Users\6003203\.m2\repository\org\springframework\spring-aspects\6.2.3\spring-aspects-6.2.3.jar;C:\Users\6003203\.m2\repository\org\aspectj\aspectjweaver\1.9.22.1\aspectjweaver-1.9.22.1.jar;C:\Users\6003203\.m2\repository\org\springframework\boot\spring-boot-starter-thymeleaf\3.4.3\spring-boot-starter-thymeleaf-3.4.3.jar;C:\Users\6003203\.m2\repository\org\thymeleaf\thymeleaf-spring6\3.1.3.RELEASE\thymeleaf-spring6-3.1.3.RELEASE.jar;C:\Users\6003203\.m2\repository\org\thymeleaf\thymeleaf\3.1.3.RELEASE\thymeleaf-3.1.3.RELEASE.jar;C:\Users\6003203\.m2\repository\org\attoparser\attoparser\2.0.7.RELEASE\attoparser-2.0.7.RELEASE.jar;C:\Users\6003203\.m2\repository\org\unbescape\unbescape\1.1.6.RELEASE\unbescape-1.1.6.RELEASE.jar;C:\Users\6003203\.m2\repository\org\springframework\boot\spring-boot-starter-web\3.4.3\spring-boot-starter-web-3.4.3.jar;C:\Users\6003203\.m2\repository\org\springframework\boot\spring-boot-starter-json\3.4.3\spring-boot-starter-json-3.4.3.jar;C:\Users\6003203\.m2\repository\com\fasterxml\jackson\datatype\jackson-datatype-jdk8\2.18.2\jackson-datatype-jdk8-2.18.2.jar;C:\Users\6003203\.m2\repository\com\fasterxml\jackson\datatype\jackson-datatype-jsr310\2.18.2\jackson-datatype-jsr310-2.18.2.jar;C:\Users\6003203\.m2\repository\com\fasterxml\jackson\module\jackson-module-parameter-names\2.18.2\jackson-module-parameter-names-2.18.2.jar;C:\Users\6003203\.m2\repository\org\springframework\boot\spring-boot-starter-tomcat\3.4.3\spring-boot-starter-tomcat-3.4.3.jar;C:\Users\6003203\.m2\repository\org\apache\tomcat\embed\tomcat-embed-core\10.1.36\tomcat-embed-core-10.1.36.jar;C:\Users\6003203\.m2\repository\org\apache\tomcat\embed\tomcat-embed-el\10.1.36\tomcat-embed-el-10.1.36.jar;C:\Users\6003203\.m2\repository\org\apache\tomcat\embed\tomcat-embed-websocket\10.1.36\tomcat-embed-websocket-10.1.36.jar;C:\Users\6003203\.m2\repository\org\springframework\spring-web\6.2.3\spring-web-6.2.3.jar;C:\Users\6003203\.m2\repository\io\micrometer\micrometer-observation\1.14.4\micrometer-observation-1.14.4.jar;C:\Users\6003203\.m2\repository\io\micrometer\micrometer-commons\1.14.4\micrometer-commons-1.14.4.jar;C:\Users\6003203\.m2\repository\org\springframework\spring-webmvc\6.2.3\spring-webmvc-6.2.3.jar;C:\Users\6003203\.m2\repository\org\springframework\spring-expression\6.2.3\spring-expression-6.2.3.jar;C:\Users\6003203\.m2\repository\org\springframework\boot\spring-boot-starter-websocket\3.4.3\spring-boot-starter-websocket-3.4.3.jar;C:\Users\6003203\.m2\repository\org\springframework\spring-messaging\6.2.3\spring-messaging-6.2.3.jar;C:\Users\6003203\.m2\repository\org\springframework\spring-websocket\6.2.3\spring-websocket-6.2.3.jar;C:\Users\6003203\.m2\repository\org\springframework\boot\spring-boot-starter-security\3.4.3\spring-boot-starter-security-3.4.3.jar;C:\Users\6003203\.m2\repository\org\springframework\spring-aop\6.2.3\spring-aop-6.2.3.jar;C:\Users\6003203\.m2\repository\org\springframework\security\spring-security-config\6.4.3\spring-security-config-6.4.3.jar;C:\Users\6003203\.m2\repository\org\springframework\security\spring-security-core\6.4.3\spring-security-core-6.4.3.jar;C:\Users\6003203\.m2\repository\org\springframework\security\spring-security-crypto\6.4.3\spring-security-crypto-6.4.3.jar;C:\Users\6003203\.m2\repository\org\springframework\security\spring-security-web\6.4.3\spring-security-web-6.4.3.jar;C:\Users\6003203\.m2\repository\org\springframework\boot\spring-boot-devtools\3.4.3\spring-boot-devtools-3.4.3.jar;C:\Users\6003203\.m2\repository\org\springframework\boot\spring-boot\3.4.3\spring-boot-3.4.3.jar;C:\Users\6003203\.m2\repository\org\springframework\boot\spring-boot-autoconfigure\3.4.3\spring-boot-autoconfigure-3.4.3.jar;C:\Users\6003203\.m2\repository\com\mysql\mysql-connector-j\9.1.0\mysql-connector-j-9.1.0.jar;C:\Users\6003203\.m2\repository\jakarta\xml\bind\jakarta.xml.bind-api\4.0.2\jakarta.xml.bind-api-4.0.2.jar;C:\Users\6003203\.m2\repository\jakarta\activation\jakarta.activation-api\2.1.3\jakarta.activation-api-2.1.3.jar;C:\Users\6003203\.m2\repository\org\springframework\spring-core\6.2.3\spring-core-6.2.3.jar;C:\Users\6003203\.m2\repository\org\springframework\spring-jcl\6.2.3\spring-jcl-6.2.3.jar;C:\Users\6003203\.m2\repository\org\projectlombok\lombok\1.18.36\lombok-1.18.36.jar;C:\Users\6003203\.m2\repository\io\jsonwebtoken\jjwt-api\0.11.5\jjwt-api-0.11.5.jar;C:\Users\6003203\.m2\repository\io\jsonwebtoken\jjwt-impl\0.11.5\jjwt-impl-0.11.5.jar;C:\Users\6003203\.m2\repository\io\jsonwebtoken\jjwt-jackson\0.11.5\jjwt-jackson-0.11.5.jar;C:\Users\6003203\.m2\repository\com\fasterxml\jackson\core\jackson-databind\2.18.2\jackson-databind-2.18.2.jar;C:\Users\6003203\.m2\repository\com\fasterxml\jackson\core\jackson-annotations\2.18.2\jackson-annotations-2.18.2.jar;C:\Users\6003203\.m2\repository\com\fasterxml\jackson\core\jackson-core\2.18.2\jackson-core-2.18.2.jar
Launcher Type: SUN_STANDARD

[Global flags]
     intx CICompilerCount                          = 4                                         {product} {ergonomic}
     uint ConcGCThreads                            = 2                                         {product} {ergonomic}
     uint G1ConcRefinementThreads                  = 8                                         {product} {ergonomic}
   size_t G1HeapRegionSize                         = 4194304                                   {product} {ergonomic}
    uintx GCDrainStackTargetSize                   = 64                                        {product} {ergonomic}
   size_t InitialHeapSize                          = 532676608                                 {product} {ergonomic}
     bool ManagementServer                         = true                                      {product} {command line}
   size_t MarkStackSize                            = 4194304                                   {product} {ergonomic}
   size_t MaxHeapSize                              = 8514437120                                {product} {ergonomic}
   size_t MaxNewSize                               = 5108662272                                {product} {ergonomic}
   size_t MinHeapDeltaBytes                        = 4194304                                   {product} {ergonomic}
   size_t MinHeapSize                              = 8388608                                   {product} {ergonomic}
    uintx NonNMethodCodeHeapSize                   = 4096                                   {pd product} {ergonomic}
    uintx NonProfiledCodeHeapSize                  = 0                                      {pd product} {ergonomic}
     bool ProfileInterpreter                       = false                                  {pd product} {command line}
    uintx ProfiledCodeHeapSize                     = 0                                      {pd product} {ergonomic}
     bool ShowCodeDetailsInExceptionMessages       = true                                   {manageable} {command line}
   size_t SoftMaxHeapSize                          = 8514437120                             {manageable} {ergonomic}
     intx TieredStopAtLevel                        = 1                                         {product} {command line}
     bool UseCompressedOops                        = true                           {product lp64_product} {ergonomic}
     bool UseG1GC                                  = true                                      {product} {ergonomic}
     bool UseLargePagesIndividualAllocation        = false                                  {pd product} {ergonomic}

Logging:
Log output configuration:
 #0: stdout all=warning uptime,level,tags foldmultilines=false
 #1: stderr all=off uptime,level,tags foldmultilines=false

Environment Variables:
PATH=C:\Users\6003203\Documents\sts-4.25.0.RELEASE\plugins\org.eclipse.justj.openjdk.hotspot.jre.full.win32.x86_64_21.0.4.v20240802-1551\jre\bin;C:/Users/6003203/Documents/sts-4.25.0.RELEASE//plugins/org.eclipse.justj.openjdk.hotspot.jre.full.win32.x86_64_21.0.4.v20240802-1551/jre/bin/server;C:/Users/6003203/Documents/sts-4.25.0.RELEASE//plugins/org.eclipse.justj.openjdk.hotspot.jre.full.win32.x86_64_21.0.4.v20240802-1551/jre/bin;C:\Program Files (x86)\Common Files\Oracle\Java\java8path;C:\Program Files (x86)\Common Files\Oracle\Java\javapath;C:\windows\system32;C:\windows;C:\windows\System32\Wbem;C:\windows\System32\WindowsPowerShell\v1.0\;C:\windows\System32\OpenSSH\;C:\Program Files (x86)\Pulse Secure\VC142.CRT\X64\;C:\Program Files (x86)\Pulse Secure\VC142.CRT\X86\;C:\Program Files (x86)\Common Files\Pulse Secure\TNC Client Plugin\;C:\Program Files\Git\cmd;C:\Program Files\nodejs\;C:\Users\6003203\AppData\Local\Programs\Python\Python312\Scripts\;C:\Users\6003203\AppData\Local\Programs\Python\Python312\;C:\Users\6003203\AppData\Local\Microsoft\WindowsApps;C:\Users\6003203\AppData\Roaming\npm;C:\Users\6003203\AppData\Local\Programs\Microsoft VS Code\bin;C:\Users\6003203\Documents\sts-4.25.0.RELEASE;
USERNAME=6003203
OS=Windows_NT
PROCESSOR_IDENTIFIER=Intel64 Family 6 Model 140 Stepping 1, GenuineIntel
TMP=C:\Users\6003203\AppData\Local\Temp
TEMP=C:\Users\6003203\AppData\Local\Temp




Periodic native trim disabled

---------------  S Y S T E M  ---------------

OS:
 Windows 11 , 64 bit Build 22621 (10.0.22621.5124)
OS uptime: 6 days 23:05 hours

CPU: total 8 (initial active 8) (4 cores per cpu, 2 threads per core) family 6 model 140 stepping 1 microcode 0xba, cx8, cmov, fxsr, ht, mmx, 3dnowpref, sse, sse2, sse3, ssse3, sse4.1, sse4.2, popcnt, lzcnt, tsc, tscinvbit, avx, avx2, aes, erms, clmul, bmi1, bmi2, adx, avx512f, avx512dq, avx512cd, avx512bw, avx512vl, sha, fma, vzeroupper, avx512_vpopcntdq, avx512_vpclmulqdq, avx512_vaes, avx512_vnni, clflush, clflushopt, clwb, avx512_vbmi2, avx512_vbmi, rdtscp, rdpid, fsrm, gfni, avx512_bitalg, f16c, pku, cet_ibt, cet_ss, avx512_ifma
Processor Information for all 8 processors :
  Max Mhz: 2995, Current Mhz: 1198, Mhz Limit: 1198

Memory: 4k page, system-wide physical 32471M (17250M free)
TotalPageFile size 34519M (AvailPageFile size 13406M)
current process WorkingSet (physical memory assigned to process): 288M, peak: 371M
current process commit charge ("private bytes"): 315M, peak: 623M

vm_info: OpenJDK 64-Bit Server VM (21.0.4+7-LTS) for windows-amd64 JRE (21.0.4+7-LTS), built on 2024-07-16T00:00:00Z by "admin" with MS VC++ 17.7 (VS2022)

END.
